<?xml version="1.0" encoding="UTF-8"?>
<!-- Generated by org.testng.reporters.JUnitReportReporter -->
<testsuite hostname="DESKTOP-N132HI4" failures="0" tests="2" name="BdynamicTestcases.TestNgAnnotation" time="0.011" errors="0" timestamp="2021-11-03T13:25:33 IST" skipped="0">
  <testcase classname="BdynamicTestcases.TestNgAnnotation" name="testcase1" time="0.008"/>
  <system-out/>
  <testcase classname="BdynamicTestcases.TestNgAnnotation" name="testcase2" time="0.003"/>
  <system-out/>
</testsuite> <!-- BdynamicTestcases.TestNgAnnotation -->
