<?xml version="1.0" encoding="UTF-8"?>
<!-- Generated by org.testng.reporters.JUnitReportReporter -->
<testsuite hostname="DESKTOP-N132HI4" failures="0" tests="4" name="BdynamicTestcases.DynamicTestCases" time="18.495" errors="0" timestamp="2021-11-03T13:25:17 IST" skipped="0">
  <testcase classname="BdynamicTestcases.DynamicTestCases" name="checkerrormsg" time="3.320"/>
  <system-out/>
  <testcase classname="BdynamicTestcases.DynamicTestCases" name="checklebal2" time="4.441"/>
  <system-out/>
  <testcase classname="BdynamicTestcases.DynamicTestCases" name="checkTitle" time="5.124"/>
  <system-out/>
  <testcase classname="BdynamicTestcases.DynamicTestCases" name="checklebal1" time="5.610"/>
  <system-out/>
</testsuite> <!-- BdynamicTestcases.DynamicTestCases -->
