<?xml version="1.0" encoding="UTF-8"?>
<!-- Generated by org.testng.reporters.JUnitReportReporter -->
<testsuite hostname="DESKTOP-N132HI4" failures="0" tests="5" name="AsataticTestcases.B" time="24.085" errors="0" timestamp="2021-11-03T13:24:41 IST" skipped="0">
  <testcase classname="AsataticTestcases.B" name="checkerrormsg" time="5.013"/>
  <system-out/>
  <testcase classname="AsataticTestcases.B" name="logincheck" time="8.916"/>
  <system-out/>
  <testcase classname="AsataticTestcases.B" name="checkTitle" time="3.146"/>
  <system-out/>
  <testcase classname="AsataticTestcases.B" name="checkSubTitle" time="3.843"/>
  <system-out/>
  <testcase classname="AsataticTestcases.B" name="checkStartMsg" time="3.167"/>
  <system-out/>
</testsuite> <!-- AsataticTestcases.B -->
